06/30/20, 09:20:50, 4, 0, D:\Project\Pembelian10\Pembelian\bin\Debug\OrderPermintaan.rpt:Server has not yet been opened.
06/30/20, 12:39:59, 4, 0, D:\Project\Pembelian10\Pembelian\bin\Debug\OrderPermintaan.rpt:Server has not yet been opened.
07/06/20, 12:12:11, 4, 0, D:\Project\APLIKASI\PEMBELIAN\Pembelian10\Pembelian\bin\Debug\OrderPermintaan.rpt:Server has not yet been opened.
07/06/20, 14:37:17, 4, 0, D:\Project\APLIKASI\PEMBELIAN\Pembelian10\Pembelian\bin\Debug\OrderPermintaan.rpt:Server has not yet been opened.
10/17/20, 14:45:00, 4, 0, :File not found.
10/17/20, 14:45:00, 4, 0, :File not found.
10/17/20, 14:45:51, 4, 0, F:\Project\barber\BARBER LATEST 15\BARBER LATEST 14\Pembelian\bin\Debug\daftarpegawai.rpt:The result of selection formula must be a boolean.
10/18/20, 17:15:58, 4, 0, F:\Project\barber\BARBER LATEST 15\BARBER LATEST 14\Pembelian\bin\Debug\laporanPembelian.rpt:The result of selection formula must be a boolean.
10/19/20, 11:12:04, 4, 0, D:\Project\APLIKASI\BARBER LATEST 16\Pembelian\bin\Debug\laporanPembelian.rpt:Server has not yet been opened.
10/19/20, 11:14:06, 4, 0, D:\Project\APLIKASI\BARBER LATEST 16\Pembelian\bin\Debug\laporanPembelian.rpt:Server has not yet been opened.
10/19/20, 11:15:43, 4, 0, D:\Project\APLIKASI\BARBER LATEST 16\Pembelian\bin\Debug\laporanPembelian.rpt:Server has not yet been opened.
10/19/20, 11:16:51, 4, 0, D:\Project\APLIKASI\BARBER LATEST 16\Pembelian\bin\Debug\laporanPembelian.rpt:Server has not yet been opened.
10/19/20, 11:18:43, 4, 0, D:\Project\APLIKASI\BARBER LATEST 16\Pembelian\bin\Debug\laporanPembelian.rpt:Server has not yet been opened.
10/19/20, 11:19:12, 4, 0, D:\Project\APLIKASI\BARBER LATEST 16\Pembelian\bin\Debug\laporanPembelian.rpt:Server has not yet been opened.
10/19/20, 11:26:04, 4, 0, D:\Project\APLIKASI\BARBER LATEST 16\Pembelian\bin\Debug\laporanPembelian.rpt:Server has not yet been opened.
10/19/20, 11:31:14, 4, 0, D:\Project\APLIKASI\BARBER LATEST 16\Pembelian\bin\Debug\laporanPenjualan.rpt:Server has not yet been opened.
10/19/20, 12:02:59, 4, 0, D:\Project\APLIKASI\BARBER LATEST 16\Pembelian\bin\Debug\daftarpegawai.rpt:Server has not yet been opened.
10/19/20, 17:29:12, 4, 0, F:\Project\barber\BARBER LATEST 17\Pembelian\bin\Debug\laporanPembelian.rpt:Server has not yet been opened.
10/19/20, 21:30:51, 4, 0, F:\Project\barber\BARBER LATEST 17\Pembelian\bin\Debug\laporanPembelian.rpt:Server has not yet been opened.
10/19/20, 21:31:55, 4, 0, F:\Project\barber\BARBER LATEST 17\Pembelian\bin\Debug\laporanPembelian.rpt:Server has not yet been opened.
10/19/20, 21:32:46, 4, 0, F:\Project\barber\BARBER LATEST 17\Pembelian\bin\Debug\laporanPembelian.rpt:Server has not yet been opened.
10/19/20, 21:33:40, 4, 0, F:\Project\barber\BARBER LATEST 17\Pembelian\bin\Debug\laporanPembelian.rpt:Server has not yet been opened.
10/20/20, 08:18:40, 4, 0, D:\Project\APLIKASI\BARBER LATEST 18\Pembelian\bin\Debug\LapJual.rpt:Server has not yet been opened.
10/20/20, 08:35:52, 4, 0, D:\Project\APLIKASI\BARBER LATEST 18\Pembelian\bin\Debug\LapJual.rpt:Server has not yet been opened.
10/20/20, 08:40:00, 4, 0, D:\Project\APLIKASI\BARBER LATEST 18\Pembelian\bin\Debug\LapJual.rpt:Server has not yet been opened.
10/20/20, 08:42:29, 4, 0, D:\Project\APLIKASI\BARBER LATEST 18\Pembelian\bin\Debug\LapJual.rpt:Server has not yet been opened.
10/26/20, 14:52:42, 4, 0, F:\Project\barber\BARBER LATEST 19\Pembelian\bin\Debug\LapJual.rpt:Server has not yet been opened.
10/26/20, 15:03:15, 4, 0, F:\Project\barber\BARBER LATEST 19\Pembelian\bin\Debug\laporanPembelian.rpt:Server has not yet been opened.
10/27/20, 06:56:54, 4, 0, F:\Project\barber\BARBER LATEST 19\Pembelian\bin\Debug\laporanPembelian.rpt:Server has not yet been opened.
10/27/20, 09:52:41, 4, 0, F:\Project\barber\BARBER LATEST 19\Pembelian\bin\Debug\laporanPembelian.rpt:Server has not yet been opened.
10/29/20, 09:21:26, 4, 0, F:\Project\barber\BARBER LATEST 19'\Pembelian\bin\Debug\laporanPembelian.rpt:Server has not yet been opened.
11/22/20, 07:09:06, 4, 0, D:\BARBER LATEST 28\Pembelian\bin\Debug\daftarBarang.rpt:Server has not yet been opened.
